 KPT            1  SPIN            1  KWEIGHT    1.0000000000000000     
     1   -28.221  2.00000
     2   -28.201  2.00000
     3   -28.146  2.00000
     4   -28.004  2.00000
     5   -27.418  2.00000
     6   -27.391  2.00000
     7   -27.364  2.00000
     8   -27.306  2.00000
     9   -21.963  2.00000
    10   -21.912  2.00000
    11   -21.907  2.00000
    12   -21.887  2.00000
    13   -21.775  2.00000
    14   -21.763  2.00000
    15   -21.760  2.00000
    16   -21.753  2.00000
    17   -21.711  2.00000
    18   -21.688  2.00000
    19   -21.686  2.00000
    20   -21.684  2.00000
    21   -21.657  2.00000
    22   -21.655  2.00000
    23   -21.644  2.00000
    24   -21.639  2.00000
    25   -21.599  2.00000
    26   -21.590  2.00000
    27   -21.581  2.00000
    28   -21.529  2.00000
    29   -20.039  2.00000
    30   -19.993  2.00000
    31   -19.987  2.00000
    32   -19.926  2.00000
    33   -19.375  2.00000
    34   -19.354  2.00000
    35   -19.302  2.00000
    36   -19.173  2.00000
    37   -18.882  2.00000
    38   -18.881  2.00000
    39   -18.813  2.00000
    40   -18.756  2.00000
    41   -17.834  2.00000
    42   -17.784  2.00000
    43   -17.694  2.00000
    44   -17.671  2.00000
    45   -17.486  2.00000
    46   -17.456  2.00000
    47   -17.297  2.00000
    48   -17.295  2.00000
    49   -17.148  2.00000
    50   -16.889  2.00000
    51   -16.884  2.00000
    52   -16.864  2.00000
    53   -16.859  2.00000
    54   -16.817  2.00000
    55   -16.768  2.00000
    56   -16.755  2.00000
    57   -16.710  2.00000
    58   -16.694  2.00000
    59   -16.680  2.00000
    60   -16.579  2.00000
    61   -16.544  2.00000
    62   -16.493  2.00000
    63   -16.468  2.00000
    64   -16.446  2.00000
    65   -15.839  2.00000
    66   -15.801  2.00000
    67   -15.755  2.00000
    68   -15.754  2.00000
    69   -15.547  2.00000
    70   -15.496  2.00000
    71   -15.430  2.00000
    72   -15.314  2.00000
    73   -14.986  2.00000
    74   -14.944  2.00000
    75   -14.900  2.00000
    76   -14.887  2.00000
    77   -14.770  2.00000
    78   -14.760  2.00000
    79   -14.754  2.00000
    80   -14.715  2.00000
    81   -14.531  2.00000
    82   -14.491  2.00000
    83   -14.490  2.00000
    84   -14.401  2.00000
    85   -14.388  2.00000
    86   -14.370  2.00000
    87   -14.321  2.00000
    88   -14.317  2.00000
    89   -14.229  2.00000
    90   -14.221  2.00000
    91   -14.184  2.00000
    92   -14.173  2.00000
    93   -14.159  2.00000
    94   -14.132  2.00000
    95   -14.107  2.00000
    96   -14.069  2.00000
    97   -14.036  2.00000
    98   -14.017  2.00000
    99   -14.000  2.00000
   100   -13.955  2.00000
   101   -13.780  2.00000
   102   -13.776  2.00000
   103   -13.774  2.00000
   104   -13.744  2.00000
   105   -13.715  2.00000
   106   -13.695  2.00000
   107   -13.681  2.00000
   108   -13.664  2.00000
   109   -13.628  2.00000
   110   -13.625  2.00000
   111   -13.613  2.00000
   112   -13.590  2.00000
   113   -13.362  2.00000
   114   -13.361  2.00000
   115   -13.339  2.00000
   116   -13.336  2.00000
   117   -12.426  1.99988
   118   -12.404  1.99971
   119   -12.401  1.99967
   120   -12.361  1.99849
   121   -12.356  1.99816
   122   -12.333  1.99543
   123   -12.327  1.99443
   124   -12.274  1.95748
   125   -12.270  1.94906
   126   -12.215  1.64732
   127   -12.212  1.61415
   128   -12.191  1.29876
   129   -12.146  0.48232
   130   -12.142  0.42471
   131   -12.135  0.35135
   132   -12.129  0.28907
   133    -8.111  0.00000
   134    -5.991  0.00000
   135    -5.685  0.00000
   136    -5.615  0.00000
   137    -5.493  0.00000
   138    -5.379  0.00000
   139    -4.889  0.00000
   140    -4.856  0.00000
   141    -4.714  0.00000
   142    -4.710  0.00000
   143    -4.563  0.00000
   144    -4.509  0.00000
   145    -4.213  0.00000
   146    -3.607  0.00000
   147    -3.598  0.00000
   148    -3.582  0.00000
   149    -3.476  0.00000
   150    -3.238  0.00000
   151    -3.206  0.00000
   152    -3.162  0.00000
   153    -3.097  0.00000
   154    -2.930  0.00000
   155    -2.882  0.00000
   156    -2.782  0.00000
   157    -2.724  0.00000
   158    -2.665  0.00000
   159    -2.638  0.00000
   160    -2.576  0.00000
   161    -2.544  0.00000
   162    -2.042  0.00000
   163    -1.929  0.00000
   164    -1.806  0.00000
   165    -1.317  0.00000
   166    -1.212  0.00000
   167    -1.145  0.00000
   168    -0.738  0.00000
   169    -0.728  0.00000
   170    -0.719  0.00000
   171    -0.713  0.00000
   172    -0.453  0.00000
   173    -0.340  0.00000
   174     0.289  0.00000
   175     0.369  0.00000
   176     0.387  0.00000
   177     0.390  0.00000
   178     0.470  0.00000
   179     0.495  0.00000
   180     0.501  0.00000
   181     0.525  0.00000
   182     1.076  0.00000
   183     1.206  0.00000
   184     1.284  0.00000
   185     1.289  0.00000
   186     1.306  0.00000
   187     1.322  0.00000
   188     1.324  0.00000
   189     1.348  0.00000
   190     1.955  0.00000
   191     2.003  0.00000
   192     2.477  0.00000
   193     2.694  0.00000
   194     3.057  0.00000
   195     3.101  0.00000
   196     4.934  0.00000
   197     7.224  0.00000
   198     9.718  0.00000
   199     9.857  0.00000
   200    10.082  0.00000
   201    10.144  0.00000
   202    10.570  0.00000
   203    10.651  0.00000
   204    11.099  0.00000
   205    15.355  0.00000
   206    17.207  0.00000
   207    17.589  0.00000
   208    17.717  0.00000
   209    17.746  0.00000
   210    17.804  0.00000
   211    18.215  0.00000
   212    19.025  0.00000
   213    19.049  0.00000
   214    19.082  0.00000
   215    19.095  0.00000
   216    26.403  0.00000
   217    26.486  0.00000
   218    26.501  0.00000
   219    26.506  0.00000
   220    27.056  0.00000
   221    27.172  0.00000
   222    27.304  0.00000
   223    27.327  0.00000
   224    29.114  0.00000
   225    29.333  0.00000
   226    29.339  0.00000
   227    29.388  0.00000
   228    32.374  0.00000
   229    36.796  0.00000
   230    37.828  0.00000
   231    47.604  0.00000
   232    51.474  0.00000
   233    59.437  0.00000
   234   105.316  0.00000
   235   107.133  0.00000
   236   109.358  0.00000
   237   124.429  0.00000
   238   139.857  0.00000
   239   172.504  0.00000
   240   179.206  0.00000
   241   213.725  0.00000
   242   221.021  0.00000
   243   238.787  0.00000
   244   277.767  0.00000
   245   285.062  0.00000
   246   328.951  0.00000
   247   943.822  0.00000
   248  1427.269  0.00000

