 Fermi distribution function

Calculation with static geometry


********************************************************************************
 iSCC Total electronic   Diff electronic      SCC error    
   33   -0.18631144E+03   -0.25062946E-04    0.68526080E-03
********************************************************************************

 Total charge:     0.00000000

 Atomic gross charges (e)
 Atom           Charge
    1       0.65300894
    2       0.65300792
    3       0.74478655
    4       0.74478613
    5       0.65300577
    6       0.65300803
    7       0.74478665
    8       0.74478522
    9       0.41518668
   10       0.41518389
   11       0.41486564
   12       0.41486370
   13       0.41518233
   14       0.41519164
   15       0.41486432
   16       0.41486709
   17       0.54093544
   18       0.54085913
   19       0.63276007
   20       0.63275823
   21       0.54077917
   22       0.54113640
   23       0.63276058
   24       0.63275908
   25      -0.40591303
   26      -0.40596712
   27      -0.39871671
   28      -0.39871256
   29      -0.40602551
   30      -0.40574216
   31      -0.39871690
   32      -0.39871248
   33      -0.41032924
   34      -0.40899301
   35      -0.39439552
   36      -0.39439019
   37      -0.41030683
   38      -0.41016567
   39      -0.39439382
   40      -0.39439276
   41      -0.41468737
   42      -0.41467085
   43      -0.46790267
   44      -0.46789346
   45      -0.41474316
   46      -0.41452980
   47      -0.46788132
   48      -0.46790316
   49      -0.44579772
   50      -0.44578782
   51      -0.46422886
   52      -0.46422752
   53      -0.44583823
   54      -0.44571525
   55      -0.46423649
   56      -0.46421141

Nr. of electrons (up):    256.00000000
Atom populations (up)
 Atom       Population
    1       0.34699106
    2       0.34699208
    3       0.25521345
    4       0.25521387
    5       0.34699423
    6       0.34699197
    7       0.25521335
    8       0.25521478
    9       0.58481332
   10       0.58481611
   11       0.58513436
   12       0.58513630
   13       0.58481767
   14       0.58480836
   15       0.58513568
   16       0.58513291
   17       5.45906456
   18       5.45914087
   19       5.36723993
   20       5.36724177
   21       5.45922083
   22       5.45886360
   23       5.36723942
   24       5.36724092
   25       6.40591303
   26       6.40596712
   27       6.39871671
   28       6.39871256
   29       6.40602551
   30       6.40574216
   31       6.39871690
   32       6.39871248
   33       6.41032924
   34       6.40899301
   35       6.39439552
   36       6.39439019
   37       6.41030683
   38       6.41016567
   39       6.39439382
   40       6.39439276
   41       6.41468737
   42       6.41467085
   43       6.46790267
   44       6.46789346
   45       6.41474316
   46       6.41452980
   47       6.46788132
   48       6.46790316
   49       6.44579772
   50       6.44578782
   51       6.46422886
   52       6.46422752
   53       6.44583823
   54       6.44571525
   55       6.46423649
   56       6.46421141

l-shell populations (up)
 Atom Sh.   l       Population
    1   1   0      -0.07834731
    1   2   1       0.42533836
    2   1   0      -0.07834853
    2   2   1       0.42534061
    3   1   0      -0.06627125
    3   2   1       0.32148470
    4   1   0      -0.06626954
    4   2   1       0.32148341
    5   1   0      -0.07834890
    5   2   1       0.42534313
    6   1   0      -0.07834901
    6   2   1       0.42534099
    7   1   0      -0.06627035
    7   2   1       0.32148370
    8   1   0      -0.06627350
    8   2   1       0.32148828
    9   1   0       0.54778436
    9   2   0       0.03702896
   10   1   0       0.54778719
   10   2   0       0.03702893
   11   1   0       0.54644027
   11   2   0       0.03869409
   12   1   0       0.54644205
   12   2   0       0.03869425
   13   1   0       0.54778876
   13   2   0       0.03702891
   14   1   0       0.54777937
   14   2   0       0.03702898
   15   1   0       0.54644138
   15   2   0       0.03869430
   16   1   0       0.54643921
   16   2   0       0.03869370
   17   1   0       1.79871212
   17   2   1       2.80104094
   17   3   2       0.85931150
   18   1   0       1.79872151
   18   2   1       2.80108487
   18   3   2       0.85933449
   19   1   0       1.64007897
   19   2   1       2.51595309
   19   3   2       1.21120788
   20   1   0       1.64007914
   20   2   1       2.51595420
   20   3   2       1.21120842
   21   1   0       1.79873081
   21   2   1       2.80112934
   21   3   2       0.85936069
   22   1   0       1.79868465
   22   2   1       2.80092891
   22   3   2       0.85925004
   23   1   0       1.64007902
   23   2   1       2.51595320
   23   3   2       1.21120719
   24   1   0       1.64007910
   24   2   1       2.51595358
   24   3   2       1.21120825
   25   1   0       1.71252605
   25   2   1       4.69338698
   26   1   0       1.71252667
   26   2   1       4.69344045
   27   1   0       1.70769597
   27   2   1       4.69102074
   28   1   0       1.70769493
   28   2   1       4.69101763
   29   1   0       1.71252713
   29   2   1       4.69349838
   30   1   0       1.71252417
   30   2   1       4.69321799
   31   1   0       1.70769586
   31   2   1       4.69102104
   32   1   0       1.70769484
   32   2   1       4.69101764
   33   1   0       1.90838313
   33   2   1       4.50194611
   34   1   0       1.90838037
   34   2   1       4.50061263
   35   1   0       1.70197828
   35   2   1       4.69241724
   36   1   0       1.70197736
   36   2   1       4.69241283
   37   1   0       1.90838336
   37   2   1       4.50192347
   38   1   0       1.90838317
   38   2   1       4.50178250
   39   1   0       1.70197903
   39   2   1       4.69241479
   40   1   0       1.70197876
   40   2   1       4.69241400
   41   1   0       1.73729706
   41   2   1       4.67739031
   42   1   0       1.73729539
   42   2   1       4.67737546
   43   1   0       1.72198787
   43   2   1       4.74591479
   44   1   0       1.72198707
   44   2   1       4.74590639
   45   1   0       1.73729347
   45   2   1       4.67744969
   46   1   0       1.73729602
   46   2   1       4.67723377
   47   1   0       1.72198716
   47   2   1       4.74589416
   48   1   0       1.72198789
   48   2   1       4.74591526
   49   1   0       1.71670490
   49   2   1       4.72909281
   50   1   0       1.71670460
   50   2   1       4.72908323
   51   1   0       1.71507637
   51   2   1       4.74915249
   52   1   0       1.71507551
   52   2   1       4.74915201
   53   1   0       1.71670554
   53   2   1       4.72913269
   54   1   0       1.71669872
   54   2   1       4.72901653
   55   1   0       1.71507673
   55   2   1       4.74915976
   56   1   0       1.71507590
   56   2   1       4.74913551

Orbital populations (up)
 Atom Sh.   l   m       Population  Label
    1   1   0   0      -0.07834731  s
    1   2   1  -1       0.17655727  p_y
    1   2   1   0       0.13839856  p_z
    1   2   1   1       0.11038254  p_x
    2   1   0   0      -0.07834853  s
    2   2   1  -1       0.17655796  p_y
    2   2   1   0       0.13839917  p_z
    2   2   1   1       0.11038348  p_x
    3   1   0   0      -0.06627125  s
    3   2   1  -1       0.13210944  p_y
    3   2   1   0       0.09325090  p_z
    3   2   1   1       0.09612436  p_x
    4   1   0   0      -0.06626954  s
    4   2   1  -1       0.13210926  p_y
    4   2   1   0       0.09324989  p_z
    4   2   1   1       0.09612427  p_x
    5   1   0   0      -0.07834890  s
    5   2   1  -1       0.17655838  p_y
    5   2   1   0       0.13840081  p_z
    5   2   1   1       0.11038394  p_x
    6   1   0   0      -0.07834901  s
    6   2   1  -1       0.17655847  p_y
    6   2   1   0       0.13840025  p_z
    6   2   1   1       0.11038226  p_x
    7   1   0   0      -0.06627035  s
    7   2   1  -1       0.13210798  p_y
    7   2   1   0       0.09325162  p_z
    7   2   1   1       0.09612410  p_x
    8   1   0   0      -0.06627350  s
    8   2   1  -1       0.13210985  p_y
    8   2   1   0       0.09325273  p_z
    8   2   1   1       0.09612571  p_x
    9   1   0   0       0.54778436  s
    9   2   0   0       0.03702896  s2
   10   1   0   0       0.54778719  s
   10   2   0   0       0.03702893  s2
   11   1   0   0       0.54644027  s
   11   2   0   0       0.03869409  s2
   12   1   0   0       0.54644205  s
   12   2   0   0       0.03869425  s2
   13   1   0   0       0.54778876  s
   13   2   0   0       0.03702891  s2
   14   1   0   0       0.54777937  s
   14   2   0   0       0.03702898  s2
   15   1   0   0       0.54644138  s
   15   2   0   0       0.03869430  s2
   16   1   0   0       0.54643921  s
   16   2   0   0       0.03869370  s2
   17   1   0   0       1.79871212  s
   17   2   1  -1       0.81620011  p_y
   17   2   1   0       1.13103090  p_z
   17   2   1   1       0.85380993  p_x
   17   3   2  -2       0.19847131  d_xy
   17   3   2  -1       0.13453375  d_yz
   17   3   2   0       0.11383189  d_z2
   17   3   2   1       0.20543818  d_xz
   17   3   2   2       0.20703636  d_x2-y2
   18   1   0   0       1.79872151  s
   18   2   1  -1       0.81620259  p_y
   18   2   1   0       1.13106773  p_z
   18   2   1   1       0.85381455  p_x
   18   3   2  -2       0.19848720  d_xy
   18   3   2  -1       0.13453931  d_yz
   18   3   2   0       0.11383266  d_z2
   18   3   2   1       0.20543890  d_xz
   18   3   2   2       0.20703642  d_x2-y2
   19   1   0   0       1.64007897  s
   19   2   1  -1       0.83116088  p_y
   19   2   1   0       0.84475235  p_z
   19   2   1   1       0.84003985  p_x
   19   3   2  -2       0.26597350  d_xy
   19   3   2  -1       0.24040337  d_yz
   19   3   2   0       0.23402311  d_z2
   19   3   2   1       0.21959170  d_xz
   19   3   2   2       0.25121620  d_x2-y2
   20   1   0   0       1.64007914  s
   20   2   1  -1       0.83116124  p_y
   20   2   1   0       0.84475277  p_z
   20   2   1   1       0.84004019  p_x
   20   3   2  -2       0.26597371  d_xy
   20   3   2  -1       0.24040314  d_yz
   20   3   2   0       0.23402328  d_z2
   20   3   2   1       0.21959181  d_xz
   20   3   2   2       0.25121649  d_x2-y2
   21   1   0   0       1.79873081  s
   21   2   1  -1       0.81620606  p_y
   21   2   1   0       1.13110291  p_z
   21   2   1   1       0.85382037  p_x
   21   3   2  -2       0.19850186  d_xy
   21   3   2  -1       0.13454507  d_yz
   21   3   2   0       0.11383463  d_z2
   21   3   2   1       0.20544182  d_xz
   21   3   2   2       0.20703729  d_x2-y2
   22   1   0   0       1.79868465  s
   22   2   1  -1       0.81620245  p_y
   22   2   1   0       1.13092390  p_z
   22   2   1   1       0.85380256  p_x
   22   3   2  -2       0.19842493  d_xy
   22   3   2  -1       0.13451878  d_yz
   22   3   2   0       0.11383033  d_z2
   22   3   2   1       0.20543867  d_xz
   22   3   2   2       0.20703733  d_x2-y2
   23   1   0   0       1.64007902  s
   23   2   1  -1       0.83116121  p_y
   23   2   1   0       0.84475212  p_z
   23   2   1   1       0.84003987  p_x
   23   3   2  -2       0.26597328  d_xy
   23   3   2  -1       0.24040294  d_yz
   23   3   2   0       0.23402287  d_z2
   23   3   2   1       0.21959199  d_xz
   23   3   2   2       0.25121611  d_x2-y2
   24   1   0   0       1.64007910  s
   24   2   1  -1       0.83116104  p_y
   24   2   1   0       0.84475245  p_z
   24   2   1   1       0.84004009  p_x
   24   3   2  -2       0.26597371  d_xy
   24   3   2  -1       0.24040333  d_yz
   24   3   2   0       0.23402309  d_z2
   24   3   2   1       0.21959192  d_xz
   24   3   2   2       0.25121620  d_x2-y2
   25   1   0   0       1.71252605  s
   25   2   1  -1       1.72528792  p_y
   25   2   1   0       1.47563015  p_z
   25   2   1   1       1.49246891  p_x
   26   1   0   0       1.71252667  s
   26   2   1  -1       1.72528713  p_y
   26   2   1   0       1.47568452  p_z
   26   2   1   1       1.49246879  p_x
   27   1   0   0       1.70769597  s
   27   2   1  -1       1.72824945  p_y
   27   2   1   0       1.49650748  p_z
   27   2   1   1       1.46626380  p_x
   28   1   0   0       1.70769493  s
   28   2   1  -1       1.72824877  p_y
   28   2   1   0       1.49650608  p_z
   28   2   1   1       1.46626278  p_x
   29   1   0   0       1.71252713  s
   29   2   1  -1       1.72529026  p_y
   29   2   1   0       1.47573667  p_z
   29   2   1   1       1.49247144  p_x
   30   1   0   0       1.71252417  s
   30   2   1  -1       1.72528462  p_y
   30   2   1   0       1.47546710  p_z
   30   2   1   1       1.49246627  p_x
   31   1   0   0       1.70769586  s
   31   2   1  -1       1.72824948  p_y
   31   2   1   0       1.49650742  p_z
   31   2   1   1       1.46626413  p_x
   32   1   0   0       1.70769484  s
   32   2   1  -1       1.72824878  p_y
   32   2   1   0       1.49650602  p_z
   32   2   1   1       1.46626284  p_x
   33   1   0   0       1.90838313  s
   33   2   1  -1       1.81166971  p_y
   33   2   1   0       1.24483137  p_z
   33   2   1   1       1.44544502  p_x
   34   1   0   0       1.90838037  s
   34   2   1  -1       1.81136290  p_y
   34   2   1   0       1.24428938  p_z
   34   2   1   1       1.44496035  p_x
   35   1   0   0       1.70197828  s
   35   2   1  -1       1.72053610  p_y
   35   2   1   0       1.28151518  p_z
   35   2   1   1       1.69036596  p_x
   36   1   0   0       1.70197736  s
   36   2   1  -1       1.72053460  p_y
   36   2   1   0       1.28151335  p_z
   36   2   1   1       1.69036488  p_x
   37   1   0   0       1.90838336  s
   37   2   1  -1       1.81167268  p_y
   37   2   1   0       1.24482732  p_z
   37   2   1   1       1.44542347  p_x
   38   1   0   0       1.90838317  s
   38   2   1  -1       1.81159563  p_y
   38   2   1   0       1.24479681  p_z
   38   2   1   1       1.44539005  p_x
   39   1   0   0       1.70197903  s
   39   2   1  -1       1.72053421  p_y
   39   2   1   0       1.28151517  p_z
   39   2   1   1       1.69036541  p_x
   40   1   0   0       1.70197876  s
   40   2   1  -1       1.72053365  p_y
   40   2   1   0       1.28151474  p_z
   40   2   1   1       1.69036561  p_x
   41   1   0   0       1.73729706  s
   41   2   1  -1       1.50164753  p_y
   41   2   1   0       1.57986367  p_z
   41   2   1   1       1.59587911  p_x
   42   1   0   0       1.73729539  s
   42   2   1  -1       1.50163820  p_y
   42   2   1   0       1.57986969  p_z
   42   2   1   1       1.59586758  p_x
   43   1   0   0       1.72198787  s
   43   2   1  -1       1.47108277  p_y
   43   2   1   0       1.70725566  p_z
   43   2   1   1       1.56757636  p_x
   44   1   0   0       1.72198707  s
   44   2   1  -1       1.47108268  p_y
   44   2   1   0       1.70724756  p_z
   44   2   1   1       1.56757614  p_x
   45   1   0   0       1.73729347  s
   45   2   1  -1       1.50164684  p_y
   45   2   1   0       1.57991744  p_z
   45   2   1   1       1.59588542  p_x
   46   1   0   0       1.73729602  s
   46   2   1  -1       1.50163088  p_y
   46   2   1   0       1.57974343  p_z
   46   2   1   1       1.59585946  p_x
   47   1   0   0       1.72198716  s
   47   2   1  -1       1.47108239  p_y
   47   2   1   0       1.70723605  p_z
   47   2   1   1       1.56757572  p_x
   48   1   0   0       1.72198789  s
   48   2   1  -1       1.47108179  p_y
   48   2   1   0       1.70725810  p_z
   48   2   1   1       1.56757538  p_x
   49   1   0   0       1.71670490  s
   49   2   1  -1       1.50596670  p_y
   49   2   1   0       1.54256478  p_z
   49   2   1   1       1.68056133  p_x
   50   1   0   0       1.71670460  s
   50   2   1  -1       1.50597951  p_y
   50   2   1   0       1.54256472  p_z
   50   2   1   1       1.68053899  p_x
   51   1   0   0       1.71507637  s
   51   2   1  -1       1.50134883  p_y
   51   2   1   0       1.55937633  p_z
   51   2   1   1       1.68842733  p_x
   52   1   0   0       1.71507551  s
   52   2   1  -1       1.50134830  p_y
   52   2   1   0       1.55937687  p_z
   52   2   1   1       1.68842684  p_x
   53   1   0   0       1.71670554  s
   53   2   1  -1       1.50598566  p_y
   53   2   1   0       1.54257280  p_z
   53   2   1   1       1.68057423  p_x
   54   1   0   0       1.71669872  s
   54   2   1  -1       1.50594541  p_y
   54   2   1   0       1.54254712  p_z
   54   2   1   1       1.68052400  p_x
   55   1   0   0       1.71507673  s
   55   2   1  -1       1.50134789  p_y
   55   2   1   0       1.55938451  p_z
   55   2   1   1       1.68842736  p_x
   56   1   0   0       1.71507590  s
   56   2   1  -1       1.50134882  p_y
   56   2   1   0       1.55936056  p_z
   56   2   1   1       1.68842613  p_x

Fermi level:                        -0.4474387623 H          -12.1754 eV
Band energy:                      -161.0113839219 H        -4381.3427 eV
TS:                                  0.0072687396 H            0.1978 eV
Band free energy (E-TS):          -161.0186526614 H        -4381.5405 eV
Extrapolated E(0K):               -161.0150182916 H        -4381.4416 eV
Input / Output electrons (q):    256.0000000000    256.0000000000

Energy H0:                        -187.6882309836 H        -5107.2566 eV
Energy SCC:                          1.3767868257 H           37.4643 eV
Total Electronic energy:          -186.3114441580 H        -5069.7923 eV
Repulsive energy:                    0.0000000000 H            0.0000 eV
Total energy:                     -186.3114441580 H        -5069.7923 eV
Extrapolated to 0:                -186.3150785278 H        -5069.8912 eV
Total Mermin free energy:         -186.3187128975 H        -5069.9901 eV
Force related energy:             -186.3187128975 H        -5069.9901 eV

SCC converged

Warning: dipole moment is not defined absolutely!
Dipole moment:   -0.00648633    0.01119872    0.01233819 au
Dipole moment:   -0.01648660    0.02846430    0.03136055 Debye


